<?xml version="1.0" encoding="UTF-8"?>
<testsuite name="Tests" tests="3" errors="0" failures="1" skipped="0" time="14.354" timestamp="2023-05-14T20:25:24.012000">
<testsuite name="Footer-Test" tests="1" errors="0" failures="0" skipped="0" time="5.711" timestamp="2023-05-14T20:25:24.031000">
<testcase classname="Tests.Footer-Test" name="Verify Presence Of Social Links" time="4.401">
</testcase>
</testsuite>
<testsuite name="Homepage-Tests" tests="2" errors="0" failures="1" skipped="0" time="8.611" timestamp="2023-05-14T20:25:29.748000">
<testcase classname="Tests.Homepage-Tests" name="Verify Presence Of Header Links" time="4.479">
</testcase>
<testcase classname="Tests.Homepage-Tests" name="Verify Presence Of Demo Link" time="4.049">
<failure message="Elements states '['detached']' (list) should contain '['visible']' (list)" type="AssertionError"/>
</testcase>
</testsuite>
</testsuite>
