<?xml version="1.0" encoding="UTF-8"?>
<!-- Generated by org.testng.reporters.JUnitReportReporter -->
<testsuite hostname="LAPTOP-09USROG2" failures="0" tests="1" name="com.idera.testrail.tests.SubtractionTests" time="0.000" errors="0" timestamp="2022-06-22T12:30:28 BST" skipped="0">
  <testcase classname="com.idera.testrail.tests.SubtractionTests" name="SubtractTwoNumbers" time="0.000"/>
  <system-out/>
</testsuite> <!-- com.idera.testrail.tests.SubtractionTests -->
