<?xml version="1.0" encoding="UTF-8"?>
<!-- Generated by org.testng.reporters.JUnitReportReporter -->
<testsuite hostname="LAPTOP-09USROG2" failures="0" tests="1" name="com.idera.testrail.tests.MultiplicationTest" time="0.004" errors="0" timestamp="2022-06-22T12:30:28 BST" skipped="0">
  <testcase classname="com.idera.testrail.tests.MultiplicationTest" name="MultiplyTwoNumbers" time="0.004"/>
  <system-out/>
</testsuite> <!-- com.idera.testrail.tests.MultiplicationTest -->
