<testsuites id="" name="" tests="7" failures="1" skipped="0" errors="0" time="11.13262799999956">
<testsuite name="smoke-tests.spec.js" timestamp="1684840873645" hostname="" tests="2" failures="1" skipped="0" time="13.9" errors="0">
<testcase name="New Todo should allow me to add and check todo items" classname="smoke-tests.spec.js › New Todo › should allow me to add and check todo items" time="4.359">
<properties>
<property name="testrail_case_field" value="refs:TR-1">
</property>
<property name="testrail_case_field" value="priority_id:2">
</property>
<property name="testrail_result_comment" value="1. Create first todo">
</property>
<property name="testrail_result_comment" value="2. Verify todo list has 1 item">
</property>
<property name="testrail_result_comment" value="3. Create second todo">
</property>
<property name="testrail_result_comment" value="4. Verify todo list has 2 items">
</property>
</properties>
</testcase>
<testcase name="Mark all as completed should allow me to mark all items as completed" classname="smoke-tests.spec.js › Mark all as completed › should allow me to mark all items as completed" time="9.541">
<properties>
<property name="testrail_case_field" value="priority_id:3">
</property>
<property name="testrail_case_field" value="refs:TR-2">
</property>
<property name="testrail_case_field" value="custom_tags:[1,2]">
</property>
<property name="testrail_result_field" value="defects:TR-31">
</property>
<property name="testrail_result_comment" value="1. Complete all todo items">
</property>
<property name="testrail_result_comment" value="2. Verify all todos are complete">
</property>
<property name="testrail_attachment" value="test-results/screenshots/screenshot-d81fca5e-5122-41f7-ab8b-7338ddb0b552.png">
</property>
<property name="testrail_result_comment" value="Some error log here.">
</property>
</properties>
<failure message="smoke-tests.spec.js:67:3 should allow me to mark all items as completed" type="FAILURE">
<![CDATA[  smoke-tests.spec.js:67:3 › Mark all as completed › should allow me to mark all items as completed 

    Error: expect(received).toHaveClass(expected) // deep equality

    - Expected  - 3
    + Received  + 3

      Array [
    -   "complete",
    -   "complete",
    -   "complete",
    +   "completed",
    +   "completed",
    +   "completed",
      ]
    Call log:
      - expect.toHaveClass with timeout 5000ms
      - waiting for selector ".todo-list li"
      -   selector resolved to 3 elements


      80 |     // Ensure all todos have 'completed' class.
      81 |     testInfo.annotations.push({ type: 'testrail_result_comment', description: "2. Verify all todos are complete" });
    > 82 |     await expect(page.locator('.todo-list li')).toHaveClass(['complete', 'complete', 'complete']);
         |                                                 ^
      83 |     await checkNumberOfCompletedTodosInLocalStorage(page, 3);
      84 |   });
      85 | });

        at C:\Github\gurock\automation-frameworks-integration\samples\javascript\playwright\tests\smoke-tests.spec.js:82:49
]]>
</failure>
</testcase>
</testsuite>
<testsuite name="todo-tests.spec.js" timestamp="1684840873645" hostname="" tests="5" failures="0" skipped="0" time="10.084" errors="0">
<testcase name="New Todo should allow me to add todo items" classname="todo-tests.spec.js › New Todo › should allow me to add todo items" time="4.398">
<properties>
<property name="testrail_case_field" value="refs:TR-1">
</property>
<property name="testrail_result_comment" value="1. Create first todo">
</property>
<property name="testrail_result_comment" value="2. Verify todo list has 1 item">
</property>
<property name="testrail_result_comment" value="3. Create second todo">
</property>
<property name="testrail_result_comment" value="4. Verify todo list has 2 items">
</property>
</properties>
</testcase>
<testcase name="New Todo should clear text input field when an item is added" classname="todo-tests.spec.js › New Todo › should clear text input field when an item is added" time="4.344">
<properties>
<property name="testrail_case_field" value="refs:TR-2">
</property>
<property name="testrail_result_comment" value="1. Create todo item">
</property>
<property name="testrail_result_comment" value="2. Verify todo item input is empty">
</property>
</properties>
</testcase>
<testcase name="New Todo should append new items to the bottom of the list" classname="todo-tests.spec.js › New Todo › should append new items to the bottom of the list" time="0.413">
<properties>
<property name="testrail_case_field" value="refs:TR-3,TR-4">
</property>
<property name="testrail_result_comment" value="1. Create 3 todo items">
</property>
<property name="testrail_result_comment" value="2. Check all items individually">
</property>
<property name="testrail_result_comment" value="3. Check all items at once">
</property>
</properties>
</testcase>
<testcase name="Mark all as completed should allow me to mark all items as completed" classname="todo-tests.spec.js › Mark all as completed › should allow me to mark all items as completed" time="0.457">
<properties>
<property name="testrail_case_field" value="refs:TR-5">
</property>
<property name="testrail_result_field" value="defects:TR-31">
</property>
<property name="testrail_result_comment" value="1. Complete all todo items">
</property>
<property name="testrail_result_comment" value="2. Verify all todos are complete">
</property>
</properties>
</testcase>
<testcase name="Mark all as completed should allow me to clear the complete state of all items" classname="todo-tests.spec.js › Mark all as completed › should allow me to clear the complete state of all items" time="0.472">
<properties>
<property name="testrail_case_field" value="refs:TR-6">
</property>
<property name="testrail_result_comment" value="1. Check and uncheck todo">
</property>
<property name="testrail_result_comment" value="2. Verify todo is not checked">
</property>
</properties>
</testcase>
</testsuite>
</testsuites>